<?xml version="1.0" encoding="UTF-8"?>
<!-- Generated by org.testng.reporters.JUnitXMLReporter -->
<testsuite ignored="0" hostname="NARAHARI-WOODI-DELL" failures="0" tests="3" name="Test-1" time="101.989" errors="0" timestamp="2025-02-20T17:30:03 IST">
  <testcase classname="com.comcast.orgtest.CreateOrganizationTest" name="createOrganizationTest" time="24.702"/>
  <testcase classname="com.comcast.orgtest.CreateOrganizationTest" name="createOrganizationWithIndustriesTest" time="21.248"/>
  <testcase classname="com.comcast.orgtest.CreateOrganizationTest" name="createOrganizationWithPhoneNumberTest" time="20.545"/>
</testsuite> <!-- Test-1 -->
