<?xml version="1.0" encoding="UTF-8"?>
<!-- Generated by org.testng.reporters.JUnitReportReporter -->
<testsuite hostname="NARAHARI-WOODI-DELL" failures="0" tests="2" name="com.comcast.crm.vendortest.CreateVendorTest" time="32.115" errors="0" timestamp="2025-02-24T18:09:13 IST" skipped="0">
  <testcase classname="com.comcast.crm.vendortest.CreateVendorTest" name="createVendorTest" time="15.924"/>
  <system-out/>
  <testcase classname="com.comcast.crm.vendortest.CreateVendorTest" name="createVendorWithPhoneNumberTest" time="16.191"/>
  <system-out/>
</testsuite> <!-- com.comcast.crm.vendortest.CreateVendorTest -->
