<?xml version="1.0" encoding="UTF-8"?>
<!-- Generated by org.testng.reporters.JUnitReportReporter -->
<testsuite hostname="NARAHARI-WOODI-DELL" failures="0" tests="1" name="com.comcast.crm.vendortest.CreateVendorTest" time="51.826" errors="0" timestamp="2025-02-28T15:53:15 IST" skipped="0">
  <testcase classname="com.comcast.crm.vendortest.CreateVendorTest" name="createVendorWithPhoneNumberTest" time="51.826"/>
  <system-out/>
</testsuite> <!-- com.comcast.crm.vendortest.CreateVendorTest -->
