<?xml version="1.0" encoding="UTF-8"?>
<!-- Generated by org.testng.reporters.JUnitReportReporter -->
<testsuite hostname="NARAHARI-WOODI-DELL" failures="0" tests="2" name="practice.hometest.HomePageSampleTest" time="0.017" errors="0" timestamp="2025-02-21T12:41:12 IST" skipped="0">
  <testcase classname="practice.hometest.HomePageSampleTest" name="homePageTest" time="0.015"/>
  <system-out>
    <![CDATA[homePageTest Test Start
step-1
step-2
step-3
step-4
homePageTest Test End]]>
  </system-out>
  <testcase classname="practice.hometest.HomePageSampleTest" name="verifyLogoHomePageTest" time="0.002"/>
  <system-out>
    <![CDATA[verifyLogoHomePageTest Test Start
step-1
step-2
step-3
step-4
verifyLogoHomePageTest Test End]]>
  </system-out>
</testsuite> <!-- practice.hometest.HomePageSampleTest -->
