<?xml version="1.0" encoding="UTF-8"?>
<!-- Generated by org.testng.reporters.JUnitReportReporter -->
<testsuite hostname="NARAHARI-WOODI-DELL" failures="0" tests="1" name="com.comcast.orgtest.CreateOrganizationTest" time="20.744" errors="0" timestamp="2025-02-26T13:21:00 IST" skipped="0">
  <testcase classname="com.comcast.orgtest.CreateOrganizationTest" name="createOrganizationTest" time="20.744"/>
  <system-out/>
</testsuite> <!-- com.comcast.orgtest.CreateOrganizationTest -->
