<?xml version="1.0" encoding="UTF-8"?>
<!-- Generated by org.testng.reporters.JUnitReportReporter -->
<testsuite hostname="NARAHARI-WOODI-DELL" failures="0" tests="3" name="practice.test.GetProductInfoTest" time="23.856" errors="0" timestamp="2025-02-18T16:16:08 IST" skipped="0">
  <testcase classname="practice.test.GetProductInfoTest" name="getProductInfoTest" time="6.550"/>
  <system-out/>
  <testcase classname="practice.test.GetProductInfoTest" name="getProductInfoTest" time="9.603"/>
  <system-out/>
  <testcase classname="practice.test.GetProductInfoTest" name="getProductInfoTest" time="7.703"/>
  <system-out/>
</testsuite> <!-- practice.test.GetProductInfoTest -->
