<?xml version="1.0" encoding="UTF-8"?>
<!-- Generated by org.testng.reporters.JUnitReportReporter -->
<testsuite hostname="NARAHARI-WOODI-DELL" failures="0" tests="2" name="practice.hometest.HomePageVerificationTest" time="8.289" errors="0" timestamp="2025-02-24T16:02:23 IST" skipped="0">
  <testcase classname="practice.hometest.HomePageVerificationTest" name="verifyLogoHomePageTest" time="3.643"/>
  <system-out>
    <![CDATA[verifyLogoHomePageTest Test Start
verifyLogoHomePageTest Test End]]>
  </system-out>
  <testcase classname="practice.hometest.HomePageVerificationTest" name="homePageTest" time="4.646"/>
  <system-out>
    <![CDATA[homePageTest Test Start
homePageTest Test End]]>
  </system-out>
</testsuite> <!-- practice.hometest.HomePageVerificationTest -->
