<?xml version="1.0" encoding="UTF-8"?>
<!-- Generated by org.testng.reporters.JUnitReportReporter -->
<testsuite hostname="NARAHARI-WOODI-DELL" failures="0" tests="1" name="practice.test.reportermsgesDisplay" time="0.008" errors="0" timestamp="2025-02-21T13:19:34 IST" skipped="0">
  <testcase classname="practice.test.reportermsgesDisplay" name="BS1" time="0.008"/>
  <system-out>
    <![CDATA[executing1]]>
  </system-out>
</testsuite> <!-- practice.test.reportermsgesDisplay -->
